0 info it worked if it ends with ok
1 verbose cli [ '/usr/local/bin/node', '/usr/local/bin/npm', 'start' ]
2 info using npm@3.4.0
3 info using node@v4.2.1
4 verbose run-script [ 'prestart', 'start', 'poststart' ]
5 info lifecycle publishtrelloweb@0.0.1~prestart: publishtrelloweb@0.0.1
6 silly lifecycle publishtrelloweb@0.0.1~prestart: no script for prestart, continuing
7 info lifecycle publishtrelloweb@0.0.1~start: publishtrelloweb@0.0.1
8 verbose lifecycle publishtrelloweb@0.0.1~start: unsafe-perm in lifecycle true
9 verbose lifecycle publishtrelloweb@0.0.1~start: PATH: /usr/local/lib/node_modules/npm/bin/node-gyp-bin:/Users/uncleFucka/Projects/PublishTrelloWeb/node_modules/.bin:/Library/Frameworks/Python.framework/Versions/3.4/bin:/Users/uncleFucka/.rvm/gems/ruby-2.0.0-p247/bin:/Users/uncleFucka/.rvm/gems/ruby-2.0.0-p247@global/bin:/Users/uncleFucka/.rvm/rubies/ruby-2.0.0-p247/bin:/Users/uncleFucka/.rvm/bin:/opt/local/bin:/opt/local/sbin:/usr/local/bin:/usr/bin:/bin:/usr/sbin:/sbin:/opt/X11/bin:/usr/local/git/bin:/usr/local/Ant/bin:/Users/uncleFucka/Tools/dssim:/Users/uncleFucka/Tools/latency-benchmark
10 verbose lifecycle publishtrelloweb@0.0.1~start: CWD: /Users/uncleFucka/Projects/PublishTrelloWeb
11 silly lifecycle publishtrelloweb@0.0.1~start: Args: [ '-c', 'app/app.js' ]
12 silly lifecycle publishtrelloweb@0.0.1~start: Returned: code: 126  signal: null
13 info lifecycle publishtrelloweb@0.0.1~start: Failed to exec start script
14 verbose stack Error: publishtrelloweb@0.0.1 start: `app/app.js`
14 verbose stack Exit status 126
14 verbose stack     at EventEmitter.<anonymous> (/usr/local/lib/node_modules/npm/lib/utils/lifecycle.js:232:16)
14 verbose stack     at emitTwo (events.js:87:13)
14 verbose stack     at EventEmitter.emit (events.js:172:7)
14 verbose stack     at ChildProcess.<anonymous> (/usr/local/lib/node_modules/npm/lib/utils/spawn.js:24:14)
14 verbose stack     at emitTwo (events.js:87:13)
14 verbose stack     at ChildProcess.emit (events.js:172:7)
14 verbose stack     at maybeClose (internal/child_process.js:818:16)
14 verbose stack     at Process.ChildProcess._handle.onexit (internal/child_process.js:211:5)
15 verbose pkgid publishtrelloweb@0.0.1
16 verbose cwd /Users/uncleFucka/Projects/PublishTrelloWeb
17 error Darwin 15.3.0
18 error argv "/usr/local/bin/node" "/usr/local/bin/npm" "start"
19 error node v4.2.1
20 error npm  v3.4.0
21 error code ELIFECYCLE
22 error publishtrelloweb@0.0.1 start: `app/app.js`
22 error Exit status 126
23 error Failed at the publishtrelloweb@0.0.1 start script 'app/app.js'.
23 error Make sure you have the latest version of node.js and npm installed.
23 error If you do, this is most likely a problem with the publishtrelloweb package,
23 error not with npm itself.
23 error Tell the author that this fails on your system:
23 error     app/app.js
23 error You can get their info via:
23 error     npm owner ls publishtrelloweb
23 error There is likely additional logging output above.
24 verbose exit [ 1, true ]
